<?xml version="1.0" encoding="UTF-8"?>
<!-- Generated by org.testng.reporters.JUnitReportReporter -->
<testsuite hostname="DESKTOP-4L53C49" failures="0" tests="1" name="testRunner.Runner" time="11.567" errors="0" timestamp="2024-08-24T21:39:33 IST" skipped="0">
  <testcase classname="testRunner.Runner" name="runScenario" time="11.567">
    <system-out>
      <![CDATA[<div "result">i open browser with url &quot;http:&#x2F;&#x2F;orangehrm.qedgetech.com&quot; (PASSED : 3s)</div>
<div "result">i enter username as &quot;Admin&quot; (PASSED : 0s)</div>
<div "result">i enter password as &quot;Qedge123!@#&quot; (PASSED : 0s)</div>
<div "result">i click login button (PASSED : 1s)</div>
<div "result">i click Admin button (PASSED : 1s)</div>
<div "result">i click job link (PASSED : 0s)</div>
<div "result">i click jobtitle button (PASSED : 0s)</div>
<div "result">i click Add button (PASSED : 0s)</div>
<div "result">i enter job title as &quot;sales&quot; and i enter job Description as &quot;Salesdesc&quot; and i enter job note as &quot;job record created&quot; (PASSED : 0s)</div>
<div "result">i click save button (PASSED : 0s)</div>
<div "result">i click logout (PASSED : 3s)</div>
<div "result">i close Browser (PASSED : 0s)</div>]]>
    </system-out>
  </testcase> <!-- runScenario -->
  <system-out>
    <![CDATA[<div "result">i open browser with url &quot;http:&#x2F;&#x2F;orangehrm.qedgetech.com&quot; (PASSED : 3s)</div>
<div "result">i enter username as &quot;Admin&quot; (PASSED : 0s)</div>
<div "result">i enter password as &quot;Qedge123!@#&quot; (PASSED : 0s)</div>
<div "result">i click login button (PASSED : 1s)</div>
<div "result">i click Admin button (PASSED : 1s)</div>
<div "result">i click job link (PASSED : 0s)</div>
<div "result">i click jobtitle button (PASSED : 0s)</div>
<div "result">i click Add button (PASSED : 0s)</div>
<div "result">i enter job title as &quot;sales&quot; and i enter job Description as &quot;Salesdesc&quot; and i enter job note as &quot;job record created&quot; (PASSED : 0s)</div>
<div "result">i click save button (PASSED : 0s)</div>
<div "result">i click logout (PASSED : 3s)</div>
<div "result">i close Browser (PASSED : 0s)</div>]]>
  </system-out>
</testsuite> <!-- testRunner.Runner -->
