<?xml version="1.0" encoding="UTF-8"?>
<!-- Generated by org.testng.reporters.JUnitReportReporter -->
<testsuite hostname="DESKTOP-4L53C49" failures="0" tests="1" name="testRunner.Runner" time="12.817" errors="0" timestamp="2024-08-28T23:28:51 IST" skipped="0">
  <testcase classname="testRunner.Runner" name="runScenario" time="12.817">
    <system-out>
      <![CDATA[<div "result">user launch chrome browser (PASSED : 1s)</div>
<div "result">user opens url &quot;http:&#x2F;&#x2F;orangehrm.qedgetech.com&quot; (PASSED : 1s)</div>
<div "result">login into application with below credentials (PASSED : 1s)</div>
<div "result">created skills record (PASSED : 4s)</div>
<div "result">i logout the application (PASSED : 3s)</div>
<div "result">i close the browser (PASSED : 0s)</div>]]>
    </system-out>
  </testcase> <!-- runScenario -->
  <system-out>
    <![CDATA[<div "result">user launch chrome browser (PASSED : 1s)</div>
<div "result">user opens url &quot;http:&#x2F;&#x2F;orangehrm.qedgetech.com&quot; (PASSED : 1s)</div>
<div "result">login into application with below credentials (PASSED : 1s)</div>
<div "result">created skills record (PASSED : 4s)</div>
<div "result">i logout the application (PASSED : 3s)</div>
<div "result">i close the browser (PASSED : 0s)</div>]]>
  </system-out>
</testsuite> <!-- testRunner.Runner -->
